Pig Stack Trace
---------------
ERROR 1000: Error during parsing. Lexical error at line 3, column 38.  Encountered: "\\" (92), after : "\""

org.apache.pig.impl.logicalLayer.parser.TokenMgrError: Lexical error at line 3, column 38.  Encountered: "\\" (92), after : "\""
	at org.apache.pig.impl.logicalLayer.parser.QueryParserTokenManager.getNextToken(QueryParserTokenManager.java:1969)
	at org.apache.pig.impl.logicalLayer.parser.QueryParser.jj_consume_token(QueryParser.java:9457)
	at org.apache.pig.impl.logicalLayer.parser.QueryParser.PUnaryCond(QueryParser.java:2310)
	at org.apache.pig.impl.logicalLayer.parser.QueryParser.PAndCond(QueryParser.java:2162)
	at org.apache.pig.impl.logicalLayer.parser.QueryParser.POrCond(QueryParser.java:2106)
	at org.apache.pig.impl.logicalLayer.parser.QueryParser.PCond(QueryParser.java:2072)
	at org.apache.pig.impl.logicalLayer.parser.QueryParser.SplitClause(QueryParser.java:934)
	at org.apache.pig.impl.logicalLayer.parser.QueryParser.Parse(QueryParser.java:830)
	at org.apache.pig.impl.logicalLayer.LogicalPlanBuilder.parse(LogicalPlanBuilder.java:63)
	at org.apache.pig.PigServer$Graph.parseQuery(PigServer.java:1612)
	at org.apache.pig.PigServer$Graph.registerQuery(PigServer.java:1562)
	at org.apache.pig.PigServer.registerQuery(PigServer.java:534)
	at org.apache.pig.tools.grunt.GruntParser.processPig(GruntParser.java:871)
	at org.apache.pig.tools.pigscript.parser.PigScriptParser.parse(PigScriptParser.java:388)
	at org.apache.pig.tools.grunt.GruntParser.parseStopOnError(GruntParser.java:168)
	at org.apache.pig.tools.grunt.GruntParser.parseStopOnError(GruntParser.java:144)
	at org.apache.pig.tools.grunt.Grunt.run(Grunt.java:76)
	at org.apache.pig.Main.run(Main.java:455)
	at org.apache.pig.Main.main(Main.java:107)
================================================================================
Pig Stack Trace
---------------
ERROR 1000: Error during parsing. Lexical error at line 2, column 36.  Encountered: "(" (40), after : "\""

org.apache.pig.impl.logicalLayer.parser.TokenMgrError: Lexical error at line 2, column 36.  Encountered: "(" (40), after : "\""
	at org.apache.pig.impl.logicalLayer.parser.QueryParserTokenManager.getNextToken(QueryParserTokenManager.java:1969)
	at org.apache.pig.impl.logicalLayer.parser.QueryParser.jj_consume_token(QueryParser.java:9457)
	at org.apache.pig.impl.logicalLayer.parser.QueryParser.PUnaryCond(QueryParser.java:2310)
	at org.apache.pig.impl.logicalLayer.parser.QueryParser.PAndCond(QueryParser.java:2162)
	at org.apache.pig.impl.logicalLayer.parser.QueryParser.POrCond(QueryParser.java:2106)
	at org.apache.pig.impl.logicalLayer.parser.QueryParser.PCond(QueryParser.java:2072)
	at org.apache.pig.impl.logicalLayer.parser.QueryParser.SplitClause(QueryParser.java:925)
	at org.apache.pig.impl.logicalLayer.parser.QueryParser.Parse(QueryParser.java:830)
	at org.apache.pig.impl.logicalLayer.LogicalPlanBuilder.parse(LogicalPlanBuilder.java:63)
	at org.apache.pig.PigServer$Graph.parseQuery(PigServer.java:1612)
	at org.apache.pig.PigServer$Graph.registerQuery(PigServer.java:1562)
	at org.apache.pig.PigServer.registerQuery(PigServer.java:534)
	at org.apache.pig.tools.grunt.GruntParser.processPig(GruntParser.java:871)
	at org.apache.pig.tools.pigscript.parser.PigScriptParser.parse(PigScriptParser.java:388)
	at org.apache.pig.tools.grunt.GruntParser.parseStopOnError(GruntParser.java:168)
	at org.apache.pig.tools.grunt.GruntParser.parseStopOnError(GruntParser.java:144)
	at org.apache.pig.tools.grunt.Grunt.run(Grunt.java:76)
	at org.apache.pig.Main.run(Main.java:455)
	at org.apache.pig.Main.main(Main.java:107)
================================================================================
Pig Stack Trace
---------------
ERROR 1000: Error during parsing. Lexical error at line 3, column 38.  Encountered: "\\" (92), after : "\""

org.apache.pig.impl.logicalLayer.parser.TokenMgrError: Lexical error at line 3, column 38.  Encountered: "\\" (92), after : "\""
	at org.apache.pig.impl.logicalLayer.parser.QueryParserTokenManager.getNextToken(QueryParserTokenManager.java:1969)
	at org.apache.pig.impl.logicalLayer.parser.QueryParser.jj_consume_token(QueryParser.java:9457)
	at org.apache.pig.impl.logicalLayer.parser.QueryParser.PUnaryCond(QueryParser.java:2310)
	at org.apache.pig.impl.logicalLayer.parser.QueryParser.PAndCond(QueryParser.java:2162)
	at org.apache.pig.impl.logicalLayer.parser.QueryParser.POrCond(QueryParser.java:2106)
	at org.apache.pig.impl.logicalLayer.parser.QueryParser.PCond(QueryParser.java:2072)
	at org.apache.pig.impl.logicalLayer.parser.QueryParser.SplitClause(QueryParser.java:934)
	at org.apache.pig.impl.logicalLayer.parser.QueryParser.Parse(QueryParser.java:830)
	at org.apache.pig.impl.logicalLayer.LogicalPlanBuilder.parse(LogicalPlanBuilder.java:63)
	at org.apache.pig.PigServer$Graph.parseQuery(PigServer.java:1612)
	at org.apache.pig.PigServer$Graph.registerQuery(PigServer.java:1562)
	at org.apache.pig.PigServer.registerQuery(PigServer.java:534)
	at org.apache.pig.tools.grunt.GruntParser.processPig(GruntParser.java:871)
	at org.apache.pig.tools.pigscript.parser.PigScriptParser.parse(PigScriptParser.java:388)
	at org.apache.pig.tools.grunt.GruntParser.parseStopOnError(GruntParser.java:168)
	at org.apache.pig.tools.grunt.GruntParser.parseStopOnError(GruntParser.java:144)
	at org.apache.pig.tools.grunt.Grunt.run(Grunt.java:76)
	at org.apache.pig.Main.run(Main.java:455)
	at org.apache.pig.Main.main(Main.java:107)
================================================================================
Pig Stack Trace
---------------
ERROR 1000: Error during parsing. Lexical error at line 3, column 38.  Encountered: "\\" (92), after : "\""

org.apache.pig.impl.logicalLayer.parser.TokenMgrError: Lexical error at line 3, column 38.  Encountered: "\\" (92), after : "\""
	at org.apache.pig.impl.logicalLayer.parser.QueryParserTokenManager.getNextToken(QueryParserTokenManager.java:1969)
	at org.apache.pig.impl.logicalLayer.parser.QueryParser.jj_consume_token(QueryParser.java:9457)
	at org.apache.pig.impl.logicalLayer.parser.QueryParser.PUnaryCond(QueryParser.java:2310)
	at org.apache.pig.impl.logicalLayer.parser.QueryParser.PAndCond(QueryParser.java:2162)
	at org.apache.pig.impl.logicalLayer.parser.QueryParser.POrCond(QueryParser.java:2106)
	at org.apache.pig.impl.logicalLayer.parser.QueryParser.PCond(QueryParser.java:2072)
	at org.apache.pig.impl.logicalLayer.parser.QueryParser.SplitClause(QueryParser.java:934)
	at org.apache.pig.impl.logicalLayer.parser.QueryParser.Parse(QueryParser.java:830)
	at org.apache.pig.impl.logicalLayer.LogicalPlanBuilder.parse(LogicalPlanBuilder.java:63)
	at org.apache.pig.PigServer$Graph.parseQuery(PigServer.java:1612)
	at org.apache.pig.PigServer$Graph.registerQuery(PigServer.java:1562)
	at org.apache.pig.PigServer.registerQuery(PigServer.java:534)
	at org.apache.pig.tools.grunt.GruntParser.processPig(GruntParser.java:871)
	at org.apache.pig.tools.pigscript.parser.PigScriptParser.parse(PigScriptParser.java:388)
	at org.apache.pig.tools.grunt.GruntParser.parseStopOnError(GruntParser.java:168)
	at org.apache.pig.tools.grunt.GruntParser.parseStopOnError(GruntParser.java:144)
	at org.apache.pig.tools.grunt.Grunt.run(Grunt.java:76)
	at org.apache.pig.Main.run(Main.java:455)
	at org.apache.pig.Main.main(Main.java:107)
================================================================================
Pig Stack Trace
---------------
ERROR 1000: Error during parsing. Encountered " <PATH> "8 "" at line 64, column 1.
Was expecting one of:
    <EOF> 
    "cat" ...
    "fs" ...
    "sh" ...
    "cd" ...
    "cp" ...
    "copyFromLocal" ...
    "copyToLocal" ...
    "dump" ...
    "describe" ...
    "aliases" ...
    "explain" ...
    "help" ...
    "kill" ...
    "ls" ...
    "mv" ...
    "mkdir" ...
    "pwd" ...
    "quit" ...
    "register" ...
    "rm" ...
    "rmf" ...
    "set" ...
    "illustrate" ...
    "run" ...
    "exec" ...
    "scriptDone" ...
    "" ...
    <EOL> ...
    ";" ...
    

org.apache.pig.tools.pigscript.parser.ParseException: Encountered " <PATH> "8 "" at line 64, column 1.
Was expecting one of:
    <EOF> 
    "cat" ...
    "fs" ...
    "sh" ...
    "cd" ...
    "cp" ...
    "copyFromLocal" ...
    "copyToLocal" ...
    "dump" ...
    "describe" ...
    "aliases" ...
    "explain" ...
    "help" ...
    "kill" ...
    "ls" ...
    "mv" ...
    "mkdir" ...
    "pwd" ...
    "quit" ...
    "register" ...
    "rm" ...
    "rmf" ...
    "set" ...
    "illustrate" ...
    "run" ...
    "exec" ...
    "scriptDone" ...
    "" ...
    <EOL> ...
    ";" ...
    
	at org.apache.pig.tools.pigscript.parser.PigScriptParser.generateParseException(PigScriptParser.java:1058)
	at org.apache.pig.tools.pigscript.parser.PigScriptParser.handle_invalid_command(PigScriptParser.java:874)
	at org.apache.pig.tools.pigscript.parser.PigScriptParser.parse(PigScriptParser.java:529)
	at org.apache.pig.tools.grunt.GruntParser.parseStopOnError(GruntParser.java:168)
	at org.apache.pig.tools.grunt.GruntParser.parseStopOnError(GruntParser.java:144)
	at org.apache.pig.tools.grunt.Grunt.run(Grunt.java:76)
	at org.apache.pig.Main.run(Main.java:455)
	at org.apache.pig.Main.main(Main.java:107)
================================================================================
Pig Stack Trace
---------------
ERROR 1000: Error during parsing. Encountered " <IDENTIFIER> "regmatch "" at line 1, column 5.
Was expecting one of:
    <EOF> 
    "cat" ...
    "fs" ...
    "sh" ...
    "cd" ...
    "cp" ...
    "copyFromLocal" ...
    "copyToLocal" ...
    "dump" ...
    "describe" ...
    "aliases" ...
    "explain" ...
    "help" ...
    "kill" ...
    "ls" ...
    "mv" ...
    "mkdir" ...
    "pwd" ...
    "quit" ...
    "register" ...
    "rm" ...
    "rmf" ...
    "set" ...
    "illustrate" ...
    "run" ...
    "exec" ...
    "scriptDone" ...
    "" ...
    <EOL> ...
    ";" ...
    

org.apache.pig.tools.pigscript.parser.ParseException: Encountered " <IDENTIFIER> "regmatch "" at line 1, column 5.
Was expecting one of:
    <EOF> 
    "cat" ...
    "fs" ...
    "sh" ...
    "cd" ...
    "cp" ...
    "copyFromLocal" ...
    "copyToLocal" ...
    "dump" ...
    "describe" ...
    "aliases" ...
    "explain" ...
    "help" ...
    "kill" ...
    "ls" ...
    "mv" ...
    "mkdir" ...
    "pwd" ...
    "quit" ...
    "register" ...
    "rm" ...
    "rmf" ...
    "set" ...
    "illustrate" ...
    "run" ...
    "exec" ...
    "scriptDone" ...
    "" ...
    <EOL> ...
    ";" ...
    
	at org.apache.pig.tools.pigscript.parser.PigScriptParser.generateParseException(PigScriptParser.java:1058)
	at org.apache.pig.tools.pigscript.parser.PigScriptParser.handle_invalid_command(PigScriptParser.java:874)
	at org.apache.pig.tools.pigscript.parser.PigScriptParser.parse(PigScriptParser.java:529)
	at org.apache.pig.tools.grunt.GruntParser.parseStopOnError(GruntParser.java:168)
	at org.apache.pig.tools.grunt.GruntParser.parseStopOnError(GruntParser.java:144)
	at org.apache.pig.tools.grunt.Grunt.run(Grunt.java:76)
	at org.apache.pig.Main.run(Main.java:455)
	at org.apache.pig.Main.main(Main.java:107)
================================================================================
Pig Stack Trace
---------------
ERROR 1000: Error during parsing. Encountered " <IDENTIFIER> "whitematch "" at line 1, column 5.
Was expecting one of:
    <EOF> 
    "cat" ...
    "fs" ...
    "sh" ...
    "cd" ...
    "cp" ...
    "copyFromLocal" ...
    "copyToLocal" ...
    "dump" ...
    "describe" ...
    "aliases" ...
    "explain" ...
    "help" ...
    "kill" ...
    "ls" ...
    "mv" ...
    "mkdir" ...
    "pwd" ...
    "quit" ...
    "register" ...
    "rm" ...
    "rmf" ...
    "set" ...
    "illustrate" ...
    "run" ...
    "exec" ...
    "scriptDone" ...
    "" ...
    <EOL> ...
    ";" ...
    

org.apache.pig.tools.pigscript.parser.ParseException: Encountered " <IDENTIFIER> "whitematch "" at line 1, column 5.
Was expecting one of:
    <EOF> 
    "cat" ...
    "fs" ...
    "sh" ...
    "cd" ...
    "cp" ...
    "copyFromLocal" ...
    "copyToLocal" ...
    "dump" ...
    "describe" ...
    "aliases" ...
    "explain" ...
    "help" ...
    "kill" ...
    "ls" ...
    "mv" ...
    "mkdir" ...
    "pwd" ...
    "quit" ...
    "register" ...
    "rm" ...
    "rmf" ...
    "set" ...
    "illustrate" ...
    "run" ...
    "exec" ...
    "scriptDone" ...
    "" ...
    <EOL> ...
    ";" ...
    
	at org.apache.pig.tools.pigscript.parser.PigScriptParser.generateParseException(PigScriptParser.java:1058)
	at org.apache.pig.tools.pigscript.parser.PigScriptParser.handle_invalid_command(PigScriptParser.java:874)
	at org.apache.pig.tools.pigscript.parser.PigScriptParser.parse(PigScriptParser.java:529)
	at org.apache.pig.tools.grunt.GruntParser.parseStopOnError(GruntParser.java:168)
	at org.apache.pig.tools.grunt.GruntParser.parseStopOnError(GruntParser.java:144)
	at org.apache.pig.tools.grunt.Grunt.run(Grunt.java:76)
	at org.apache.pig.Main.run(Main.java:455)
	at org.apache.pig.Main.main(Main.java:107)
================================================================================
